==29179== Memcheck, a memory error detector
==29179== Copyright (C) 2002-2012, and GNU GPL'd, by Julian Seward et al.
==29179== Using Valgrind-3.8.1 and LibVEX; rerun with -h for copyright info
==29179== Command: ./pa02
==29179== Parent PID: 25104
==29179== 
--29179-- 
--29179-- Valgrind options:
--29179--    --tool=memcheck
--29179--    --leak-check=full
--29179--    --verbose
--29179--    --log-file=memcheck.log
--29179-- Contents of /proc/version:
--29179--   Linux version 2.6.32-431.3.1.el6.x86_64 (mockbuild@x86-003.build.bos.redhat.com) (gcc version 4.4.7 20120313 (Red Hat 4.4.7-4) (GCC) ) #1 SMP Fri Dec 13 06:58:20 EST 2013
--29179-- Arch and hwcaps: AMD64, amd64-sse3-cx16
--29179-- Page sizes: currently 4096, max supported 4096
--29179-- Valgrind library directory: /usr/lib64/valgrind
--29179-- Reading syms from /home/shay/a/chen747/ece264/ece264/PA02/pa02
--29179-- Reading syms from /usr/lib64/valgrind/memcheck-amd64-linux
--29179--    object doesn't have a dynamic symbol table
--29179-- Reading syms from /lib64/ld-2.12.so
--29179-- Scheduler: using generic scheduler lock implementation.
--29179-- Reading suppressions file: /usr/lib64/valgrind/default.supp
==29179== embedded gdbserver: reading from /tmp/vgdb-pipe-from-vgdb-to-29179-by-chen747-on-ecelinux39.ecn.purdue.edu
==29179== embedded gdbserver: writing to   /tmp/vgdb-pipe-to-vgdb-from-29179-by-chen747-on-ecelinux39.ecn.purdue.edu
==29179== embedded gdbserver: shared mem   /tmp/vgdb-pipe-shared-mem-vgdb-29179-by-chen747-on-ecelinux39.ecn.purdue.edu
==29179== 
==29179== TO CONTROL THIS PROCESS USING vgdb (which you probably
==29179== don't want to do, unless you know exactly what you're doing,
==29179== or are doing some strange experiment):
==29179==   /usr/lib64/valgrind/../../bin/vgdb --pid=29179 ...command...
==29179== 
==29179== TO DEBUG THIS PROCESS USING GDB: start GDB like this
==29179==   /path/to/gdb ./pa02
==29179== and then give GDB the following command
==29179==   target remote | /usr/lib64/valgrind/../../bin/vgdb --pid=29179
==29179== --pid is optional if only one valgrind process is running
==29179== 
--29179-- REDIR: 0x3b0d417530 (strlen) redirected to 0x38049551 (vgPlain_amd64_linux_REDIR_FOR_strlen)
--29179-- Reading syms from /usr/lib64/valgrind/vgpreload_core-amd64-linux.so
--29179-- Reading syms from /usr/lib64/valgrind/vgpreload_memcheck-amd64-linux.so
--29179-- REDIR: 0x3b0d4173a0 (index) redirected to 0x4a07bf0 (index)
--29179-- REDIR: 0x3b0d417420 (strcmp) redirected to 0x4a08530 (strcmp)
--29179-- Reading syms from /lib64/libc-2.12.so
--29179-- REDIR: 0x3b0d884fb0 (strcasecmp) redirected to 0x480155c (_vgnU_ifunc_wrapper)
--29179-- REDIR: 0x3b0d887270 (strncasecmp) redirected to 0x480155c (_vgnU_ifunc_wrapper)
--29179-- REDIR: 0x3b0d882f20 (__GI_strrchr) redirected to 0x4a07a70 (__GI_strrchr)
--29179-- REDIR: 0x3b0d881440 (__GI_strlen) redirected to 0x4a07f70 (__GI_strlen)
--29179-- REDIR: 0x3b0d88add0 (strchrnul) redirected to 0x4a09f10 (strchrnul)
--29179-- REDIR: 0x3b0d87b800 (free) redirected to 0x4a06369 (free)
==29179== Invalid read of size 1
==29179==    at 0x4A07F72: __GI_strlen (mc_replace_strmem.c:404)
==29179==    by 0x3B0D868CDA: puts (in /lib64/libc-2.12.so)
==29179==    by 0x4005D2: main (pa02.c:17)
==29179==  Address 0x0 is not stack'd, malloc'd or (recently) free'd
==29179== 
==29179== 
==29179== Process terminating with default action of signal 11 (SIGSEGV)
==29179==  Access not within mapped region at address 0x0
==29179==    at 0x4A07F72: __GI_strlen (mc_replace_strmem.c:404)
==29179==    by 0x3B0D868CDA: puts (in /lib64/libc-2.12.so)
==29179==    by 0x4005D2: main (pa02.c:17)
==29179==  If you believe this happened as a result of a stack
==29179==  overflow in your program's main thread (unlikely but
==29179==  possible), you can try to increase the size of the
==29179==  main thread stack using the --main-stacksize= flag.
==29179==  The main thread stack size used in this run was 10485760.
==29179== 
==29179== HEAP SUMMARY:
==29179==     in use at exit: 0 bytes in 0 blocks
==29179==   total heap usage: 0 allocs, 0 frees, 0 bytes allocated
==29179== 
==29179== All heap blocks were freed -- no leaks are possible
==29179== 
==29179== ERROR SUMMARY: 1 errors from 1 contexts (suppressed: 6 from 6)
==29179== 
==29179== 1 errors in context 1 of 1:
==29179== Invalid read of size 1
==29179==    at 0x4A07F72: __GI_strlen (mc_replace_strmem.c:404)
==29179==    by 0x3B0D868CDA: puts (in /lib64/libc-2.12.so)
==29179==    by 0x4005D2: main (pa02.c:17)
==29179==  Address 0x0 is not stack'd, malloc'd or (recently) free'd
==29179== 
--29179-- 
--29179-- used_suppression:      4 U1004-ARM-_dl_relocate_object
--29179-- used_suppression:      2 glibc-2.5.x-on-SUSE-10.2-(PPC)-2a
==29179== 
==29179== ERROR SUMMARY: 1 errors from 1 contexts (suppressed: 6 from 6)
